W0425 19:34:55.261000 1253807 site-packages/torch/distributed/run.py:851] 
W0425 19:34:55.261000 1253807 site-packages/torch/distributed/run.py:851] *****************************************
W0425 19:34:55.261000 1253807 site-packages/torch/distributed/run.py:851] Setting OMP_NUM_THREADS environment variable for each process to be 1 in default, to avoid your system being overloaded, please further tune the variable for optimal performance in your application as needed. 
W0425 19:34:55.261000 1253807 site-packages/torch/distributed/run.py:851] *****************************************
Running DDP on rank 0.
dict(exp_cfg)={'agent': 'our', 'tasks': 'put_block_back', 'exp_id': 'sam2act', 'resume': '', 'bs': 12, 'epochs': 10, 'num_workers': 5, 'sample_distribution_mode': 'demo_uniform_temporal', 'train_iter': 160000, 'exp_name': 'graphonly_dirtys1_model38_mem11_w10_2gpu_20260425', 'demo': 100, 'wandb': False, 'peract': CfgNode({'lambda_weight_l2': 0.0001, 'lr': 3.0000000000000004e-05, 'optimizer_type': 'lamb', 'warmup_steps': 2000, 'lr_cos_dec': True, 'add_rgc_loss': True, 'num_rotation_classes': 72, 'amp': True, 'bnb': True, 'transform_augmentation': True, 'transform_augmentation_xyz': [0.125, 0.125, 0.125], 'transform_augmentation_rpy': [0.0, 0.0, 45.0], 'same_trans_aug_per_seq': False, 'graph_node_loss_weight': 1.0, 'graph_node_only_loss': True}), 'rvt': CfgNode({'gt_hm_sigma': 1.5, 'img_aug': 0.0, 'place_with_mean': False, 'move_pc_in_bound': True}), 'peract_official': CfgNode({'cfg_path': 'configs/peract_official_config.yaml'})}
Training on 1 tasks: ['put_block_back']
Running DDP on rank 1.
Filling replay ...: put_block_back
Filling demo 0
[rank0]: Traceback (most recent call last):
[rank0]:   File "/home/cv25/siwon/sam2act_graph_only_loss/sam2act/train_plus.py", line 443, in <module>
[rank0]:     experiment(cmd_args, devices, local_rank, rank, world_size)  # Adjust your experiment function to accept the local rank
[rank0]:   File "/home/cv25/siwon/sam2act_graph_only_loss/sam2act/train_plus.py", line 273, in experiment
[rank0]:     train_dataset, _ = get_dataset_func()
[rank0]:   File "/home/cv25/siwon/sam2act_graph_only_loss/sam2act/train_plus.py", line 254, in <lambda>
[rank0]:     get_dataset_func = lambda: get_dataset_temporal(
[rank0]:   File "/home/cv25/siwon/sam2act/sam2act/utils/get_dataset.py", line 225, in get_dataset_temporal
[rank0]:     fill_replay_temporal(
[rank0]:   File "/home/cv25/siwon/sam2act/sam2act/utils/dataset.py", line 720, in fill_replay_temporal
[rank0]:     demo = get_stored_demo(data_path=data_path, index=d_idx)
[rank0]:   File "/home/cv25/siwon/sam2act/sam2act/libs/peract_colab/peract_colab/rlbench/utils.py", line 35, in get_stored_demo
[rank0]:     with open(os.path.join(episode_path, LOW_DIM_PICKLE), 'rb') as f:
[rank0]: FileNotFoundError: [Errno 2] No such file or directory: 'data_memory/train/put_block_back/all_variations/episodes/episode0/low_dim_obs.pkl'
[rank1]: Traceback (most recent call last):
[rank1]:   File "/home/cv25/siwon/sam2act_graph_only_loss/sam2act/train_plus.py", line 443, in <module>
[rank1]:     experiment(cmd_args, devices, local_rank, rank, world_size)  # Adjust your experiment function to accept the local rank
[rank1]:   File "/home/cv25/siwon/sam2act_graph_only_loss/sam2act/train_plus.py", line 273, in experiment
[rank1]:     train_dataset, _ = get_dataset_func()
[rank1]:   File "/home/cv25/siwon/sam2act_graph_only_loss/sam2act/train_plus.py", line 254, in <lambda>
[rank1]:     get_dataset_func = lambda: get_dataset_temporal(
[rank1]:   File "/home/cv25/siwon/sam2act/sam2act/utils/get_dataset.py", line 225, in get_dataset_temporal
[rank1]:     fill_replay_temporal(
[rank1]:   File "/home/cv25/siwon/sam2act/sam2act/utils/dataset.py", line 715, in fill_replay_temporal
[rank1]:     replay.recover_from_disk(task, task_replay_storage_folder)
[rank1]:   File "/home/cv25/siwon/sam2act/sam2act/libs/YARR/yarr/replay_buffer/uniform_replay_buffer_temporal.py", line 311, in recover_from_disk
[rank1]:     with open(os.path.join(task_replay_storage_folder, 'init_frame_to_idx.pkl'), 'rb') as f:
[rank1]: FileNotFoundError: [Errno 2] No such file or directory: 'replay_temporal_memory/replay_train/put_block_back/init_frame_to_idx.pkl'
E0425 19:35:04.049000 1253807 site-packages/torch/distributed/elastic/multiprocessing/api.py:986] failed (exitcode: 1) local_rank: 0 (pid: 1253948) of binary: /home/cv25/miniconda3/envs/sam2act5090/bin/python
Traceback (most recent call last):
  File "/home/cv25/miniconda3/envs/sam2act5090/bin/torchrun", line 6, in <module>
    sys.exit(main())
  File "/home/cv25/miniconda3/envs/sam2act5090/lib/python3.10/site-packages/torch/distributed/elastic/multiprocessing/errors/__init__.py", line 362, in wrapper
    return f(*args, **kwargs)
  File "/home/cv25/miniconda3/envs/sam2act5090/lib/python3.10/site-packages/torch/distributed/run.py", line 990, in main
    run(args)
  File "/home/cv25/miniconda3/envs/sam2act5090/lib/python3.10/site-packages/torch/distributed/run.py", line 981, in run
    elastic_launch(
  File "/home/cv25/miniconda3/envs/sam2act5090/lib/python3.10/site-packages/torch/distributed/launcher/api.py", line 170, in __call__
    return launch_agent(self._config, self._entrypoint, list(args))
  File "/home/cv25/miniconda3/envs/sam2act5090/lib/python3.10/site-packages/torch/distributed/launcher/api.py", line 317, in launch_agent
    raise ChildFailedError(
torch.distributed.elastic.multiprocessing.errors.ChildFailedError: 
============================================================
train_plus.py FAILED
------------------------------------------------------------
Failures:
[1]:
  time      : 2026-04-25_19:35:04
  host      : cv25
  rank      : 1 (local_rank: 1)
  exitcode  : 1 (pid: 1253949)
  error_file: <N/A>
  traceback : To enable traceback see: https://pytorch.org/docs/stable/elastic/errors.html
------------------------------------------------------------
Root Cause (first observed failure):
[0]:
  time      : 2026-04-25_19:35:04
  host      : cv25
  rank      : 0 (local_rank: 0)
  exitcode  : 1 (pid: 1253948)
  error_file: <N/A>
  traceback : To enable traceback see: https://pytorch.org/docs/stable/elastic/errors.html
============================================================
