W0425 19:36:28.780000 1255732 site-packages/torch/distributed/run.py:851] 
W0425 19:36:28.780000 1255732 site-packages/torch/distributed/run.py:851] *****************************************
W0425 19:36:28.780000 1255732 site-packages/torch/distributed/run.py:851] Setting OMP_NUM_THREADS environment variable for each process to be 1 in default, to avoid your system being overloaded, please further tune the variable for optimal performance in your application as needed. 
W0425 19:36:28.780000 1255732 site-packages/torch/distributed/run.py:851] *****************************************
Running DDP on rank 0.Running DDP on rank 1.

dict(exp_cfg)={'agent': 'our', 'tasks': 'put_block_back', 'exp_id': 'sam2act', 'resume': '', 'bs': 12, 'epochs': 10, 'num_workers': 5, 'sample_distribution_mode': 'demo_uniform_temporal', 'train_iter': 160000, 'exp_name': 'graphonly_dirtys1_model38_mem11_w10_2gpu_b_20260425', 'demo': 100, 'wandb': False, 'peract': CfgNode({'lambda_weight_l2': 0.0001, 'lr': 3.0000000000000004e-05, 'optimizer_type': 'lamb', 'warmup_steps': 2000, 'lr_cos_dec': True, 'add_rgc_loss': True, 'num_rotation_classes': 72, 'amp': True, 'bnb': True, 'transform_augmentation': True, 'transform_augmentation_xyz': [0.125, 0.125, 0.125], 'transform_augmentation_rpy': [0.0, 0.0, 45.0], 'same_trans_aug_per_seq': False, 'graph_node_loss_weight': 1.0, 'graph_node_only_loss': True}), 'rvt': CfgNode({'gt_hm_sigma': 1.5, 'img_aug': 0.0, 'place_with_mean': False, 'move_pc_in_bound': True}), 'peract_official': CfgNode({'cfg_path': 'configs/peract_official_config.yaml'})}
Training on 1 tasks: ['put_block_back']
[Info] Replay dataset already exists in the disk: replay_temporal_memory/replay_train/put_block_back
Created Dataset. Time Cost: 0.03950413465499878 minutes
WARNING: when three_views=True or two_views=False -- no_down=True no_top=False add_3p=False does not matter.
WARNING: when three_views=True or two_views=False -- no_down=True no_top=False add_3p=False does not matter.
[rank0]: Traceback (most recent call last):
[rank0]:   File "/home/cv25/siwon/sam2act_graph_only_loss/sam2act/train_plus.py", line 443, in <module>
[rank0]:     experiment(cmd_args, devices, local_rank, rank, world_size)  # Adjust your experiment function to accept the local rank
[rank0]:   File "/home/cv25/siwon/sam2act_graph_only_loss/sam2act/train_plus.py", line 283, in experiment
[rank0]:     sam2act = mvt_sam2.MVT_SAM2(
[rank0]:   File "/home/cv25/siwon/sam2act/sam2act/mvt/mvt_sam2.py", line 177, in __init__
[rank0]:     sam2 = build_sam2_custom_select(self.sam2_config, self.sam2_ckpt, device="cuda", include_keys=['image_encoder'],
[rank0]:   File "/home/cv25/siwon/sam2act/sam2act/mvt/sam2_train/build_sam.py", line 129, in build_sam2_custom_select
[rank0]:     _load_checkpoint_select(model, ckpt_path, include_keys)
[rank0]:   File "/home/cv25/siwon/sam2act/sam2act/mvt/sam2_train/build_sam.py", line 139, in _load_checkpoint_select
[rank0]:     sd = torch.load(ckpt_path, map_location="cpu")["model"]
[rank0]:   File "/home/cv25/miniconda3/envs/sam2act5090/lib/python3.10/site-packages/torch/serialization.py", line 1530, in load
[rank0]:     with _open_file_like(f, "rb") as opened_file:
[rank0]:   File "/home/cv25/miniconda3/envs/sam2act5090/lib/python3.10/site-packages/torch/serialization.py", line 795, in _open_file_like
[rank0]:     return _open_file(name_or_buffer, mode)
[rank0]:   File "/home/cv25/miniconda3/envs/sam2act5090/lib/python3.10/site-packages/torch/serialization.py", line 776, in __init__
[rank0]:     super().__init__(open(name, mode))  # noqa: SIM115
[rank0]: FileNotFoundError: [Errno 2] No such file or directory: './mvt/sam2_train/checkpoints/sam2.1_hiera_base_plus.pt'
[rank1]: Traceback (most recent call last):
[rank1]:   File "/home/cv25/siwon/sam2act_graph_only_loss/sam2act/train_plus.py", line 443, in <module>
[rank1]:     experiment(cmd_args, devices, local_rank, rank, world_size)  # Adjust your experiment function to accept the local rank
[rank1]:   File "/home/cv25/siwon/sam2act_graph_only_loss/sam2act/train_plus.py", line 283, in experiment
[rank1]:     sam2act = mvt_sam2.MVT_SAM2(
[rank1]:   File "/home/cv25/siwon/sam2act/sam2act/mvt/mvt_sam2.py", line 177, in __init__
[rank1]:     sam2 = build_sam2_custom_select(self.sam2_config, self.sam2_ckpt, device="cuda", include_keys=['image_encoder'],
[rank1]:   File "/home/cv25/siwon/sam2act/sam2act/mvt/sam2_train/build_sam.py", line 129, in build_sam2_custom_select
[rank1]:     _load_checkpoint_select(model, ckpt_path, include_keys)
[rank1]:   File "/home/cv25/siwon/sam2act/sam2act/mvt/sam2_train/build_sam.py", line 139, in _load_checkpoint_select
[rank1]:     sd = torch.load(ckpt_path, map_location="cpu")["model"]
[rank1]:   File "/home/cv25/miniconda3/envs/sam2act5090/lib/python3.10/site-packages/torch/serialization.py", line 1530, in load
[rank1]:     with _open_file_like(f, "rb") as opened_file:
[rank1]:   File "/home/cv25/miniconda3/envs/sam2act5090/lib/python3.10/site-packages/torch/serialization.py", line 795, in _open_file_like
[rank1]:     return _open_file(name_or_buffer, mode)
[rank1]:   File "/home/cv25/miniconda3/envs/sam2act5090/lib/python3.10/site-packages/torch/serialization.py", line 776, in __init__
[rank1]:     super().__init__(open(name, mode))  # noqa: SIM115
[rank1]: FileNotFoundError: [Errno 2] No such file or directory: './mvt/sam2_train/checkpoints/sam2.1_hiera_base_plus.pt'
E0425 19:36:38.015000 1255732 site-packages/torch/distributed/elastic/multiprocessing/api.py:986] failed (exitcode: 1) local_rank: 0 (pid: 1255863) of binary: /home/cv25/miniconda3/envs/sam2act5090/bin/python
Traceback (most recent call last):
  File "/home/cv25/miniconda3/envs/sam2act5090/bin/torchrun", line 6, in <module>
    sys.exit(main())
  File "/home/cv25/miniconda3/envs/sam2act5090/lib/python3.10/site-packages/torch/distributed/elastic/multiprocessing/errors/__init__.py", line 362, in wrapper
    return f(*args, **kwargs)
  File "/home/cv25/miniconda3/envs/sam2act5090/lib/python3.10/site-packages/torch/distributed/run.py", line 990, in main
    run(args)
  File "/home/cv25/miniconda3/envs/sam2act5090/lib/python3.10/site-packages/torch/distributed/run.py", line 981, in run
    elastic_launch(
  File "/home/cv25/miniconda3/envs/sam2act5090/lib/python3.10/site-packages/torch/distributed/launcher/api.py", line 170, in __call__
    return launch_agent(self._config, self._entrypoint, list(args))
  File "/home/cv25/miniconda3/envs/sam2act5090/lib/python3.10/site-packages/torch/distributed/launcher/api.py", line 317, in launch_agent
    raise ChildFailedError(
torch.distributed.elastic.multiprocessing.errors.ChildFailedError: 
============================================================
train_plus.py FAILED
------------------------------------------------------------
Failures:
[1]:
  time      : 2026-04-25_19:36:38
  host      : cv25
  rank      : 1 (local_rank: 1)
  exitcode  : 1 (pid: 1255865)
  error_file: <N/A>
  traceback : To enable traceback see: https://pytorch.org/docs/stable/elastic/errors.html
------------------------------------------------------------
Root Cause (first observed failure):
[0]:
  time      : 2026-04-25_19:36:38
  host      : cv25
  rank      : 0 (local_rank: 0)
  exitcode  : 1 (pid: 1255863)
  error_file: <N/A>
  traceback : To enable traceback see: https://pytorch.org/docs/stable/elastic/errors.html
============================================================
