=== 2026-04-21 21:30:25 KST ===
task=put_block_back exp_name=mb_stage2_mem11_20260421 bs=10 lr=1.25e-06 epochs=20 same_aug_per_seq=False transform_aug=True auto_eval_episodes=5 attn_episode=0 num_maskmem=11
W0421 21:30:26.167000 3999796 site-packages/torch/distributed/run.py:851] 
W0421 21:30:26.167000 3999796 site-packages/torch/distributed/run.py:851] *****************************************
W0421 21:30:26.167000 3999796 site-packages/torch/distributed/run.py:851] Setting OMP_NUM_THREADS environment variable for each process to be 1 in default, to avoid your system being overloaded, please further tune the variable for optimal performance in your application as needed. 
W0421 21:30:26.167000 3999796 site-packages/torch/distributed/run.py:851] *****************************************
Running DDP on rank 3.
Running DDP on rank 2.
Running DDP on rank 1.
Running DDP on rank 0.
dict(exp_cfg)={'agent': 'our', 'tasks': 'put_block_back', 'exp_id': 'sam2act', 'resume': '', 'bs': 10, 'epochs': 20, 'num_workers': 5, 'sample_distribution_mode': 'demo_uniform_temporal', 'train_iter': 160000, 'exp_name': 'mb_stage2_mem11_20260421', 'demo': 100, 'wandb': False, 'peract': CfgNode({'lambda_weight_l2': 0.0001, 'lr': 5e-05, 'optimizer_type': 'lamb', 'warmup_steps': 2000, 'lr_cos_dec': True, 'add_rgc_loss': True, 'num_rotation_classes': 72, 'amp': True, 'bnb': True, 'transform_augmentation': True, 'transform_augmentation_xyz': [0.125, 0.125, 0.125], 'transform_augmentation_rpy': [0.0, 0.0, 45.0], 'same_trans_aug_per_seq': False}), 'rvt': CfgNode({'gt_hm_sigma': 1.5, 'img_aug': 0.0, 'place_with_mean': False, 'move_pc_in_bound': True}), 'peract_official': CfgNode({'cfg_path': 'configs/peract_official_config.yaml'})}
Training on 1 tasks: ['put_block_back']
[Info] Replay dataset already exists in the disk: replay_temporal_memory/replay_train/put_block_back
/home/cv25/miniconda3/envs/sam2act5090/lib/python3.10/site-packages/torch/distributed/c10d_logger.py:83: UserWarning: barrier(): using the device under current context. You can specify `device_id` in `init_process_group` to mute this warning.
  return func(*args, **kwargs)
[rank0]:[W421 21:30:33.564283599 ProcessGroupNCCL.cpp:5188] Guessing device ID based on global rank. This can cause a hang if rank to GPU mapping is heterogeneous. You can specify device_id in init_process_group()
Created Dataset. Time Cost: 0.03144641717274984 minutes
WARNING: when three_views=True or two_views=False -- no_down=True no_top=False add_3p=False does not matter.
ImageEncoder's parameter size: 266.05517578125MB
ImageEncoder's trainable parameter size: 0.0MB
ImageEncoder's parameter num: 69.744768M
ImageEncoder's trainable parameter num: 0.0M
MVT_SAM2's parameter size: 571.2552185058594MB
MVT_SAM2's trainable parameter size: 35.296199798583984MB
MVT_SAM2's parameter num: 149.751128M
MVT_SAM2's trainable parameter num: 9.252687M
WARNING: when three_views=True or two_views=False -- no_down=True no_top=False add_3p=False does not matter.
WARNING: when three_views=True or two_views=False -- no_down=True no_top=False add_3p=False does not matter.
WARNING: when three_views=True or two_views=False -- no_down=True no_top=False add_3p=False does not matter.
Using 8-Bit Optimizer
Using 8-Bit Optimizer
resume from checkpoint
Stage-two handoff: loading full stage-one weights, including memory_attention, memory_encoder, and maskmem_tpos_enc.
Using 8-Bit Optimizer
Using 8-Bit Optimizer
WARNING: adapted sam2.maskmem_tpos_enc from checkpoint shape (9, 1, 1, 64) to model shape (11, 1, 1, 64) by prefix copy (9).
WARNING: adapted sam2.maskmem_tpos_enc from checkpoint shape (9, 1, 1, 64) to model shape (11, 1, 1, 64) by prefix copy (9).
WARNING: adapted mvt1.sam2.maskmem_tpos_enc from checkpoint shape (9, 1, 1, 64) to model shape (11, 1, 1, 64) by prefix copy (9).WARNING: adapted mvt1.sam2.maskmem_tpos_enc from checkpoint shape (9, 1, 1, 64) to model shape (11, 1, 1, 64) by prefix copy (9).

WARNING: adapted mvt2.sam2.maskmem_tpos_enc from checkpoint shape (9, 1, 1, 64) to model shape (11, 1, 1, 64) by prefix copy (9).
WARNING: adapted mvt2.sam2.maskmem_tpos_enc from checkpoint shape (9, 1, 1, 64) to model shape (11, 1, 1, 64) by prefix copy (9).
WARNING: adapted sam2.maskmem_tpos_enc from checkpoint shape (9, 1, 1, 64) to model shape (11, 1, 1, 64) by prefix copy (9).
WARNING: adapted mvt1.sam2.maskmem_tpos_enc from checkpoint shape (9, 1, 1, 64) to model shape (11, 1, 1, 64) by prefix copy (9).
WARNING: adapted mvt2.sam2.maskmem_tpos_enc from checkpoint shape (9, 1, 1, 64) to model shape (11, 1, 1, 64) by prefix copy (9).
WARNING: adapted sam2.maskmem_tpos_enc from checkpoint shape (9, 1, 1, 64) to model shape (11, 1, 1, 64) by prefix copy (9).
WARNING: adapted mvt1.sam2.maskmem_tpos_enc from checkpoint shape (9, 1, 1, 64) to model shape (11, 1, 1, 64) by prefix copy (9).
WARNING: adapted mvt2.sam2.maskmem_tpos_enc from checkpoint shape (9, 1, 1, 64) to model shape (11, 1, 1, 64) by prefix copy (9).
WARNING: unexpected checkpoint keys (14): ['mvt1.task_embedding.weight', 'mvt1.task_memory_gate.0.weight', 'mvt1.task_memory_gate.0.bias', 'mvt1.task_local_event_router.0.weight', 'mvt1.task_local_event_router.0.bias', 'mvt1.event_write_router.0.weight', 'mvt1.event_write_router.0.bias', 'mvt2.task_embedding.weight', 'mvt2.task_memory_gate.0.weight', 'mvt2.task_memory_gate.0.bias', 'mvt2.task_local_event_router.0.weight', 'mvt2.task_local_event_router.0.bias', 'mvt2.event_write_router.0.weight', 'mvt2.event_write_router.0.bias']
WARNING: unexpected checkpoint keys (14): ['mvt1.task_embedding.weight', 'mvt1.task_memory_gate.0.weight', 'mvt1.task_memory_gate.0.bias', 'mvt1.task_local_event_router.0.weight', 'mvt1.task_local_event_router.0.bias', 'mvt1.event_write_router.0.weight', 'mvt1.event_write_router.0.bias', 'mvt2.task_embedding.weight', 'mvt2.task_memory_gate.0.weight', 'mvt2.task_memory_gate.0.bias', 'mvt2.task_local_event_router.0.weight', 'mvt2.task_local_event_router.0.bias', 'mvt2.event_write_router.0.weight', 'mvt2.event_write_router.0.bias']
WARNING: unexpected checkpoint keys (14): ['mvt1.task_embedding.weight', 'mvt1.task_memory_gate.0.weight', 'mvt1.task_memory_gate.0.bias', 'mvt1.task_local_event_router.0.weight', 'mvt1.task_local_event_router.0.bias', 'mvt1.event_write_router.0.weight', 'mvt1.event_write_router.0.bias', 'mvt2.task_embedding.weight', 'mvt2.task_memory_gate.0.weight', 'mvt2.task_memory_gate.0.bias', 'mvt2.task_local_event_router.0.weight', 'mvt2.task_local_event_router.0.bias', 'mvt2.event_write_router.0.weight', 'mvt2.event_write_router.0.bias']WARNING: unexpected checkpoint key prefixes: {mvt1.task_memory_gate.0: 2, mvt1.task_local_event_router.0: 2, mvt1.event_write_router.0: 2, mvt2.task_memory_gate.0: 2, mvt2.task_local_event_router.0: 2, mvt2.event_write_router.0: 2, mvt1.task_embedding.weight: 1, mvt2.task_embedding.weight: 1}

WARNING: unexpected checkpoint key prefixes: {mvt1.task_memory_gate.0: 2, mvt1.task_local_event_router.0: 2, mvt1.event_write_router.0: 2, mvt2.task_memory_gate.0: 2, mvt2.task_local_event_router.0: 2, mvt2.event_write_router.0: 2, mvt1.task_embedding.weight: 1, mvt2.task_embedding.weight: 1}
WARNING: unexpected checkpoint key prefixes: {mvt1.task_memory_gate.0: 2, mvt1.task_local_event_router.0: 2, mvt1.event_write_router.0: 2, mvt2.task_memory_gate.0: 2, mvt2.task_local_event_router.0: 2, mvt2.event_write_router.0: 2, mvt1.task_embedding.weight: 1, mvt2.task_embedding.weight: 1}
WARNING: unexpected checkpoint keys (14): ['mvt1.task_embedding.weight', 'mvt1.task_memory_gate.0.weight', 'mvt1.task_memory_gate.0.bias', 'mvt1.task_local_event_router.0.weight', 'mvt1.task_local_event_router.0.bias', 'mvt1.event_write_router.0.weight', 'mvt1.event_write_router.0.bias', 'mvt2.task_embedding.weight', 'mvt2.task_memory_gate.0.weight', 'mvt2.task_memory_gate.0.bias', 'mvt2.task_local_event_router.0.weight', 'mvt2.task_local_event_router.0.bias', 'mvt2.event_write_router.0.weight', 'mvt2.event_write_router.0.bias']
WARNING: unexpected checkpoint key prefixes: {mvt1.task_memory_gate.0: 2, mvt1.task_local_event_router.0: 2, mvt1.event_write_router.0: 2, mvt2.task_memory_gate.0: 2, mvt2.task_local_event_router.0: 2, mvt2.event_write_router.0: 2, mvt1.task_embedding.weight: 1, mvt2.task_embedding.weight: 1}
Recovering model and checkpoint from runs/sam2act_mb_stage2_mem11_20260421/model_last.pth
Start training ...
Rank [0], Epoch [0]: Training on train dataset
  0%|          | 0/4000 [00:00<?, ?it/s]  0%|          | 0/4000 [00:00<?, ?it/s]
[rank0]: Traceback (most recent call last):
[rank0]:   File "/home/cv25/siwon/sam2act/sam2act/train_plus.py", line 460, in <module>
[rank0]:     experiment(cmd_args, devices, local_rank, rank, world_size)  # Adjust your experiment function to accept the local rank
[rank0]:   File "/home/cv25/siwon/sam2act/sam2act/train_plus.py", line 395, in experiment
[rank0]:     out = train(agent, train_dataset, TRAINING_ITERATIONS, log_iter, rank, node_rank, ifwandb=exp_cfg.wandb)
[rank0]:   File "/home/cv25/siwon/sam2act/sam2act/train_plus.py", line 86, in train
[rank0]:     raw_batch = next(data_iter)
[rank0]:   File "/home/cv25/miniconda3/envs/sam2act5090/lib/python3.10/site-packages/torch/utils/data/dataloader.py", line 741, in __next__
[rank0]:     data = self._next_data()
[rank0]:   File "/home/cv25/miniconda3/envs/sam2act5090/lib/python3.10/site-packages/torch/utils/data/dataloader.py", line 1548, in _next_data
[rank0]:     return self._process_data(data, worker_id)
[rank0]:   File "/home/cv25/miniconda3/envs/sam2act5090/lib/python3.10/site-packages/torch/utils/data/dataloader.py", line 1586, in _process_data
[rank0]:     data.reraise()
[rank0]:   File "/home/cv25/miniconda3/envs/sam2act5090/lib/python3.10/site-packages/torch/_utils.py", line 785, in reraise
[rank0]:     raise exception
[rank0]: RuntimeError: Caught RuntimeError in DataLoader worker process 0.
[rank0]: Original Traceback (most recent call last):
[rank0]:   File "/home/cv25/miniconda3/envs/sam2act5090/lib/python3.10/site-packages/torch/utils/data/_utils/worker.py", line 358, in _worker_loop
[rank0]:     data = fetcher.fetch(index)  # type: ignore[possibly-undefined]
[rank0]:   File "/home/cv25/miniconda3/envs/sam2act5090/lib/python3.10/site-packages/torch/utils/data/_utils/fetch.py", line 44, in fetch
[rank0]:     data = next(self.dataset_iter)
[rank0]:   File "/home/cv25/siwon/sam2act/sam2act/libs/YARR/yarr/replay_buffer/wrappers/pytorch_replay_buffer.py", line 30, in _generator
[rank0]:     yield self._replay_buffer.sample_transition_batch(pack_in_dict=True, distribution_mode = self._sample_distribution_mode)
[rank0]:   File "/home/cv25/siwon/sam2act/sam2act/libs/YARR/yarr/replay_buffer/uniform_replay_buffer_temporal.py", line 855, in sample_transition_batch
[rank0]:     indices = self.sample_index_batch(batch_size, distribution_mode)
[rank0]:   File "/home/cv25/siwon/sam2act/sam2act/libs/YARR/yarr/replay_buffer/uniform_replay_buffer_temporal.py", line 800, in sample_index_batch
[rank0]:     raise RuntimeError(
[rank0]: RuntimeError: Max sample attempts: Tried 10000 times but only sampled 0 valid indices. Batch size is 10

[rank1]: Traceback (most recent call last):
[rank1]:   File "/home/cv25/siwon/sam2act/sam2act/train_plus.py", line 460, in <module>
[rank1]:     experiment(cmd_args, devices, local_rank, rank, world_size)  # Adjust your experiment function to accept the local rank
[rank1]:   File "/home/cv25/siwon/sam2act/sam2act/train_plus.py", line 395, in experiment
[rank1]:     out = train(agent, train_dataset, TRAINING_ITERATIONS, log_iter, rank, node_rank, ifwandb=exp_cfg.wandb)
[rank1]:   File "/home/cv25/siwon/sam2act/sam2act/train_plus.py", line 86, in train
[rank1]:     raw_batch = next(data_iter)
[rank1]:   File "/home/cv25/miniconda3/envs/sam2act5090/lib/python3.10/site-packages/torch/utils/data/dataloader.py", line 741, in __next__
[rank1]:     data = self._next_data()
[rank1]:   File "/home/cv25/miniconda3/envs/sam2act5090/lib/python3.10/site-packages/torch/utils/data/dataloader.py", line 1548, in _next_data
[rank1]:     return self._process_data(data, worker_id)
[rank1]:   File "/home/cv25/miniconda3/envs/sam2act5090/lib/python3.10/site-packages/torch/utils/data/dataloader.py", line 1586, in _process_data
[rank1]:     data.reraise()
[rank1]:   File "/home/cv25/miniconda3/envs/sam2act5090/lib/python3.10/site-packages/torch/_utils.py", line 785, in reraise
[rank1]:     raise exception
[rank1]: RuntimeError: Caught RuntimeError in DataLoader worker process 0.
[rank1]: Original Traceback (most recent call last):
[rank1]:   File "/home/cv25/miniconda3/envs/sam2act5090/lib/python3.10/site-packages/torch/utils/data/_utils/worker.py", line 358, in _worker_loop
[rank1]:     data = fetcher.fetch(index)  # type: ignore[possibly-undefined]
[rank1]:   File "/home/cv25/miniconda3/envs/sam2act5090/lib/python3.10/site-packages/torch/utils/data/_utils/fetch.py", line 44, in fetch
[rank1]:     data = next(self.dataset_iter)
[rank1]:   File "/home/cv25/siwon/sam2act/sam2act/libs/YARR/yarr/replay_buffer/wrappers/pytorch_replay_buffer.py", line 30, in _generator
[rank1]:     yield self._replay_buffer.sample_transition_batch(pack_in_dict=True, distribution_mode = self._sample_distribution_mode)
[rank1]:   File "/home/cv25/siwon/sam2act/sam2act/libs/YARR/yarr/replay_buffer/uniform_replay_buffer_temporal.py", line 855, in sample_transition_batch
[rank1]:     indices = self.sample_index_batch(batch_size, distribution_mode)
[rank1]:   File "/home/cv25/siwon/sam2act/sam2act/libs/YARR/yarr/replay_buffer/uniform_replay_buffer_temporal.py", line 800, in sample_index_batch
[rank1]:     raise RuntimeError(
[rank1]: RuntimeError: Max sample attempts: Tried 10000 times but only sampled 0 valid indices. Batch size is 10

[rank3]: Traceback (most recent call last):
[rank3]:   File "/home/cv25/siwon/sam2act/sam2act/train_plus.py", line 460, in <module>
[rank3]:     experiment(cmd_args, devices, local_rank, rank, world_size)  # Adjust your experiment function to accept the local rank
[rank3]:   File "/home/cv25/siwon/sam2act/sam2act/train_plus.py", line 395, in experiment
[rank3]:     out = train(agent, train_dataset, TRAINING_ITERATIONS, log_iter, rank, node_rank, ifwandb=exp_cfg.wandb)
[rank3]:   File "/home/cv25/siwon/sam2act/sam2act/train_plus.py", line 86, in train
[rank3]:     raw_batch = next(data_iter)
[rank3]:   File "/home/cv25/miniconda3/envs/sam2act5090/lib/python3.10/site-packages/torch/utils/data/dataloader.py", line 741, in __next__
[rank3]:     data = self._next_data()
[rank3]:   File "/home/cv25/miniconda3/envs/sam2act5090/lib/python3.10/site-packages/torch/utils/data/dataloader.py", line 1548, in _next_data
[rank3]:     return self._process_data(data, worker_id)
[rank3]:   File "/home/cv25/miniconda3/envs/sam2act5090/lib/python3.10/site-packages/torch/utils/data/dataloader.py", line 1586, in _process_data
[rank3]:     data.reraise()
[rank3]:   File "/home/cv25/miniconda3/envs/sam2act5090/lib/python3.10/site-packages/torch/_utils.py", line 785, in reraise
[rank3]:     raise exception
[rank3]: RuntimeError: Caught RuntimeError in DataLoader worker process 0.
[rank3]: Original Traceback (most recent call last):
[rank3]:   File "/home/cv25/miniconda3/envs/sam2act5090/lib/python3.10/site-packages/torch/utils/data/_utils/worker.py", line 358, in _worker_loop
[rank3]:     data = fetcher.fetch(index)  # type: ignore[possibly-undefined]
[rank3]:   File "/home/cv25/miniconda3/envs/sam2act5090/lib/python3.10/site-packages/torch/utils/data/_utils/fetch.py", line 44, in fetch
[rank3]:     data = next(self.dataset_iter)
[rank3]:   File "/home/cv25/siwon/sam2act/sam2act/libs/YARR/yarr/replay_buffer/wrappers/pytorch_replay_buffer.py", line 30, in _generator
[rank3]:     yield self._replay_buffer.sample_transition_batch(pack_in_dict=True, distribution_mode = self._sample_distribution_mode)
[rank3]:   File "/home/cv25/siwon/sam2act/sam2act/libs/YARR/yarr/replay_buffer/uniform_replay_buffer_temporal.py", line 855, in sample_transition_batch
[rank3]:     indices = self.sample_index_batch(batch_size, distribution_mode)
[rank3]:   File "/home/cv25/siwon/sam2act/sam2act/libs/YARR/yarr/replay_buffer/uniform_replay_buffer_temporal.py", line 800, in sample_index_batch
[rank3]:     raise RuntimeError(
[rank3]: RuntimeError: Max sample attempts: Tried 10000 times but only sampled 0 valid indices. Batch size is 10

[rank2]: Traceback (most recent call last):
[rank2]:   File "/home/cv25/siwon/sam2act/sam2act/train_plus.py", line 460, in <module>
[rank2]:     experiment(cmd_args, devices, local_rank, rank, world_size)  # Adjust your experiment function to accept the local rank
[rank2]:   File "/home/cv25/siwon/sam2act/sam2act/train_plus.py", line 395, in experiment
[rank2]:     out = train(agent, train_dataset, TRAINING_ITERATIONS, log_iter, rank, node_rank, ifwandb=exp_cfg.wandb)
[rank2]:   File "/home/cv25/siwon/sam2act/sam2act/train_plus.py", line 86, in train
[rank2]:     raw_batch = next(data_iter)
[rank2]:   File "/home/cv25/miniconda3/envs/sam2act5090/lib/python3.10/site-packages/torch/utils/data/dataloader.py", line 741, in __next__
[rank2]:     data = self._next_data()
[rank2]:   File "/home/cv25/miniconda3/envs/sam2act5090/lib/python3.10/site-packages/torch/utils/data/dataloader.py", line 1548, in _next_data
[rank2]:     return self._process_data(data, worker_id)
[rank2]:   File "/home/cv25/miniconda3/envs/sam2act5090/lib/python3.10/site-packages/torch/utils/data/dataloader.py", line 1586, in _process_data
[rank2]:     data.reraise()
[rank2]:   File "/home/cv25/miniconda3/envs/sam2act5090/lib/python3.10/site-packages/torch/_utils.py", line 785, in reraise
[rank2]:     raise exception
[rank2]: RuntimeError: Caught RuntimeError in DataLoader worker process 0.
[rank2]: Original Traceback (most recent call last):
[rank2]:   File "/home/cv25/miniconda3/envs/sam2act5090/lib/python3.10/site-packages/torch/utils/data/_utils/worker.py", line 358, in _worker_loop
[rank2]:     data = fetcher.fetch(index)  # type: ignore[possibly-undefined]
[rank2]:   File "/home/cv25/miniconda3/envs/sam2act5090/lib/python3.10/site-packages/torch/utils/data/_utils/fetch.py", line 44, in fetch
[rank2]:     data = next(self.dataset_iter)
[rank2]:   File "/home/cv25/siwon/sam2act/sam2act/libs/YARR/yarr/replay_buffer/wrappers/pytorch_replay_buffer.py", line 30, in _generator
[rank2]:     yield self._replay_buffer.sample_transition_batch(pack_in_dict=True, distribution_mode = self._sample_distribution_mode)
[rank2]:   File "/home/cv25/siwon/sam2act/sam2act/libs/YARR/yarr/replay_buffer/uniform_replay_buffer_temporal.py", line 855, in sample_transition_batch
[rank2]:     indices = self.sample_index_batch(batch_size, distribution_mode)
[rank2]:   File "/home/cv25/siwon/sam2act/sam2act/libs/YARR/yarr/replay_buffer/uniform_replay_buffer_temporal.py", line 800, in sample_index_batch
[rank2]:     raise RuntimeError(
[rank2]: RuntimeError: Max sample attempts: Tried 10000 times but only sampled 0 valid indices. Batch size is 10

W0421 21:30:39.061000 3999796 site-packages/torch/distributed/elastic/multiprocessing/api.py:1012] Sending process 3999867 closing signal SIGTERM
W0421 21:30:39.061000 3999796 site-packages/torch/distributed/elastic/multiprocessing/api.py:1012] Sending process 3999868 closing signal SIGTERM
W0421 21:30:39.061000 3999796 site-packages/torch/distributed/elastic/multiprocessing/api.py:1012] Sending process 3999869 closing signal SIGTERM
E0421 21:30:39.389000 3999796 site-packages/torch/distributed/elastic/multiprocessing/api.py:986] failed (exitcode: 1) local_rank: 0 (pid: 3999866) of binary: /home/cv25/miniconda3/envs/sam2act5090/bin/python
Traceback (most recent call last):
  File "/home/cv25/miniconda3/envs/sam2act5090/bin/torchrun", line 6, in <module>
    sys.exit(main())
  File "/home/cv25/miniconda3/envs/sam2act5090/lib/python3.10/site-packages/torch/distributed/elastic/multiprocessing/errors/__init__.py", line 362, in wrapper
    return f(*args, **kwargs)
  File "/home/cv25/miniconda3/envs/sam2act5090/lib/python3.10/site-packages/torch/distributed/run.py", line 990, in main
    run(args)
  File "/home/cv25/miniconda3/envs/sam2act5090/lib/python3.10/site-packages/torch/distributed/run.py", line 981, in run
    elastic_launch(
  File "/home/cv25/miniconda3/envs/sam2act5090/lib/python3.10/site-packages/torch/distributed/launcher/api.py", line 170, in __call__
    return launch_agent(self._config, self._entrypoint, list(args))
  File "/home/cv25/miniconda3/envs/sam2act5090/lib/python3.10/site-packages/torch/distributed/launcher/api.py", line 317, in launch_agent
    raise ChildFailedError(
torch.distributed.elastic.multiprocessing.errors.ChildFailedError: 
============================================================
train_plus.py FAILED
------------------------------------------------------------
Failures:
[1]:
  time      : 2026-04-21_21:30:39
  host      : cv25
  rank      : 1 (local_rank: 1)
  exitcode  : 1 (pid: 3999867)
  error_file: <N/A>
  traceback : To enable traceback see: https://pytorch.org/docs/stable/elastic/errors.html
[2]:
  time      : 2026-04-21_21:30:39
  host      : cv25
  rank      : 2 (local_rank: 2)
  exitcode  : 1 (pid: 3999868)
  error_file: <N/A>
  traceback : To enable traceback see: https://pytorch.org/docs/stable/elastic/errors.html
[3]:
  time      : 2026-04-21_21:30:39
  host      : cv25
  rank      : 3 (local_rank: 3)
  exitcode  : 1 (pid: 3999869)
  error_file: <N/A>
  traceback : To enable traceback see: https://pytorch.org/docs/stable/elastic/errors.html
------------------------------------------------------------
Root Cause (first observed failure):
[0]:
  time      : 2026-04-21_21:30:39
  host      : cv25
  rank      : 0 (local_rank: 0)
  exitcode  : 1 (pid: 3999866)
  error_file: <N/A>
  traceback : To enable traceback see: https://pytorch.org/docs/stable/elastic/errors.html
============================================================
